2023.07.29 21:36:33 INFO  Started: Metals version 1.0.0 in folders '/home/weizema/work/vcu_verify/vcu_compiler' for client Visual Studio Code 1.80.2.[0m
Jul 29, 2023 9:36:33 PM org.flywaydb.core.internal.license.VersionPrinter printVersionOnly
INFO: Flyway Community Edition 9.20.1 by Redgate
Jul 29, 2023 9:36:33 PM org.flywaydb.core.internal.license.VersionPrinter printVersion
INFO: See release notes here: https://rd.gt/416ObMi
Jul 29, 2023 9:36:33 PM org.flywaydb.core.internal.license.VersionPrinter printVersion
INFO: 
Jul 29, 2023 9:36:33 PM org.flywaydb.core.internal.database.base.BaseDatabaseType createDatabase
INFO: Database: jdbc:h2:file:/home/weizema/work/vcu_verify/vcu_compiler/.metals/metals (H2 2.1)
Jul 29, 2023 9:36:33 PM org.flywaydb.core.internal.schemahistory.JdbcTableSchemaHistory allAppliedMigrations
INFO: Schema history table "PUBLIC"."flyway_schema_history" does not exist yet
Jul 29, 2023 9:36:33 PM org.flywaydb.core.internal.command.DbValidate validate
INFO: Successfully validated 4 migrations (execution time 00:00.009s)
Jul 29, 2023 9:36:33 PM org.flywaydb.core.internal.schemahistory.JdbcTableSchemaHistory create
INFO: Creating Schema History table "PUBLIC"."flyway_schema_history" ...
Jul 29, 2023 9:36:33 PM org.flywaydb.core.internal.command.DbMigrate migrateGroup
INFO: Current version of schema "PUBLIC": << Empty Schema >>
Jul 29, 2023 9:36:33 PM org.flywaydb.core.internal.command.DbMigrate doMigrateGroup
INFO: Migrating schema "PUBLIC" to version "1 - Create tables"
Jul 29, 2023 9:36:33 PM org.flywaydb.core.internal.command.DbMigrate doMigrateGroup
INFO: Migrating schema "PUBLIC" to version "2 - Server discovery"
Jul 29, 2023 9:36:33 PM org.flywaydb.core.internal.command.DbMigrate doMigrateGroup
INFO: Migrating schema "PUBLIC" to version "3 - Jar symbols"
Jul 29, 2023 9:36:33 PM org.flywaydb.core.internal.command.DbMigrate doMigrateGroup
INFO: Migrating schema "PUBLIC" to version "4 - Fingerprints"
Jul 29, 2023 9:36:33 PM org.flywaydb.core.internal.command.DbMigrate logSummary
INFO: Successfully applied 4 migrations to schema "PUBLIC", now at version v4 (execution time 00:00.013s)
2023.07.29 21:36:33 INFO  time: initialize in 0.38s[0m
2023.07.29 21:36:34 WARN  Build server is not auto-connectable.[0m
2023.07.29 21:36:34 WARN  no build tool detected in workspace '/home/weizema/work/vcu_verify/vcu_compiler'. The most common cause for this problem is that the editor was opened in the wrong working directory, for example if you use sbt then the workspace directory should contain build.sbt. [0m
2023.07.29 21:36:38 INFO  Shutting down server[0m
2023.07.29 21:36:38 INFO  shutting down Metals[0m
2023.07.29 21:36:38 INFO  Exiting server[0m
